[seucreditohoje.site/direto/index.html]
[backblue.gif]
[fade.gif]
[index.html]
[seucreditohoje.site/direto/index.html]
[seucreditohoje.site/direto/indexf8a0.html]
[seucreditohoje.site/direto/indexc052.html]
[seucreditohoje.site/direto/indexbfec.html]
[seucreditohoje.site/direto/indexc052.html]
[seucreditohoje.site/direto/index30b5.html]
[seucreditohoje.site/direto/1oKifuy0/index.html]
[seucreditohoje.site/direto/3/index.html]
[seucreditohoje.site/direto/2/index.html]
[seucreditohoje.site/direto/indexf8a0.html]
[seucreditohoje.site/direto/4/index.html]
[seucreditohoje.site/direto/5/index.html]
[seucreditohoje.site/direto/indexbfec.html]
[seucreditohoje.site/direto/7/index.html]
[seucreditohoje.site/direto/6/index.html]
[seucreditohoje.site/direto/app/index.html]
[seucreditohoje.site/direto/index30b5.html]
[seucreditohoje.site/direto/assets/index.html]
[seucreditohoje.site/direto/ups/index.html]
[seucreditohoje.site/direto/indexb70a.html]
[seucreditohoje.site/direto/site/index.html]
[cdn.utmify.com.br/scripts/pixel/pixel.js]
[seucreditohoje.site/direto/1oKifuy0/index.html]
[seucreditohoje.site/direto/index72c9.html]
[seucreditohoje.site/direto/index5851.html]
[cdn.jsdelivr.net/npm/bootstrap@5.3.0/dist/css/bootstrap.min.css]
[seucreditohoje.site/direto/indexad3f.html]
[seucreditohoje.site/direto/assets/css/style.css]
[seucreditohoje.site/direto/assets/images/logo.png]
[cdn.jsdelivr.net/npm/bootstrap@5.3.0/dist/js/bootstrap.bundle.min.js]
[cdnjs.cloudflare.com/ajax/libs/font-awesome/6.4.2/js/all.min.js]
[seucreditohoje.site/direto/assets/js/pixel.js]
[seucreditohoje.site/direto/2/baseUrl, window.location.href]
[seucreditohoje.site/direto/2/index.html]
[seucreditohoje.site/direto/3/index-2.html]
[seucreditohoje.site/direto/2/index-2.html]
[seucreditohoje.site/direto/3/index.html]
[seucreditohoje.site/direto/4/index-2.html]
[seucreditohoje.site/direto/4/baseUrl, window.location.href]
[seucreditohoje.site/direto/4/index.html]
[seucreditohoje.site/direto/5/index-2.html]
[seucreditohoje.site/direto/5/index.html]
[seucreditohoje.site/direto/6/index-2.html]
[seucreditohoje.site/direto/6/index.html]
[seucreditohoje.site/direto/7/index-2.html]
[seucreditohoje.site/direto/7/index.html]
[seucreditohoje.site/direto/app/index-2.html]
[cdn.jsdelivr.net/npm/bootstrap-icons@1.11.0/font/bootstrap-icons.css]
[seucreditohoje.site/direto/app/css/styles.css]
[seucreditohoje.site/direto/app/img/logo.png]
[seucreditohoje.site/direto/app/img/home/home-slider-1.webp]
[seucreditohoje.site/direto/app/img/home/home-slider-2.webp]
[seucreditohoje.site/direto/app/img/home/home-slider-3.webp]
[seucreditohoje.site/direto/app/index.html]
[seucreditohoje.site/direto/assets/index.html]
[seucreditohoje.site/direto/app/js/app.js]
[seucreditohoje.site/direto/site/index.html]
[seucreditohoje.site/direto/assets/js/script.js]
[seucreditohoje.site/direto/assets/indexc052.html]
[seucreditohoje.site/direto/ups/index.html]
[seucreditohoje.site/direto/assets/indexf8a0.html]
[seucreditohoje.site/direto/assets/indexbfec.html]
[seucreditohoje.site/direto/indexb70a.html]
[seucreditohoje.site/direto/assets/index30b5.html]
[seucreditohoje.site/direto/assets/css/index.html]
[seucreditohoje.site/direto/index72c9.html]
[seucreditohoje.site/direto/assets/images/index.html]
[seucreditohoje.site/direto/assets/js/index.html]
[seucreditohoje.site/direto/index5851.html]
[seucreditohoje.site/direto/ups/indexc052.html]
[seucreditohoje.site/direto/ups/indexf8a0.html]
[seucreditohoje.site/direto/indexad3f.html]
[seucreditohoje.site/direto/ups/indexbfec.html]
[seucreditohoje.site/direto/ups/index30b5.html]
[cdn.jsdelivr.net/npm/bootstrap@5.3.0/dist/css/bootstrap.min.css]
[seucreditohoje.site/direto/ups/assets/index.html]
[seucreditohoje.site/direto/assets/css/style.css]
[seucreditohoje.site/direto/ups/back/index.html]
[seucreditohoje.site/direto/ups/up1/index.html]
[seucreditohoje.site/direto/2/baseUrl, window.location.html]
[seucreditohoje.site/direto/ups/up2/index.html]
[seucreditohoje.site/direto/3/index-2.html]
[seucreditohoje.site/direto/ups/up3/index.html]
[seucreditohoje.site/direto/ups/up4/index.html]
[seucreditohoje.site/direto/2/index-2.html]
[seucreditohoje.site/direto/ups/up5/index.html]
[seucreditohoje.site/direto/ups/up6/index.html]
[seucreditohoje.site/direto/4/index-2.html]
[seucreditohoje.site/direto/ups/up7/index.html]
[seucreditohoje.site/direto/ups/up8/index.html]
[seucreditohoje.site/direto/4/baseUrl, window.location.html]
[seucreditohoje.site/direto/ups/up9/index.html]
[seucreditohoje.site/direto/5/index-2.html]
[seucreditohoje.site/direto/ups/up10/index.html]
[seucreditohoje.site/direto/6/index-2.html]
[seucreditohoje.site/direto/7/index-2.html]
[seucreditohoje.site/direto/app/index-2.html]
[seucreditohoje.site/direto/ups/up11/index.html]
[seucreditohoje.site/direto/ups/up12/index.html]
[cdn.jsdelivr.net/npm/bootstrap-icons@1.11.0/font/fonts/bootstrap-icons2607.woff2]
[cdn.jsdelivr.net/npm/bootstrap-icons@1.11.0/font/fonts/bootstrap-icons2607.woff]
[cdn.jsdelivr.net/npm/bootstrap-icons@1.11.0/font/bootstrap-icons.css]
[seucreditohoje.site/direto/app/css/styles.css]
[seucreditohoje.site/direto/assets/indexc052.html]
[seucreditohoje.site/direto/assets/indexf8a0.html]
[seucreditohoje.site/direto/assets/indexbfec.html]
[seucreditohoje.site/direto/ups/vega/index.html]
[seucreditohoje.site/direto/assets/index30b5.html]
[seucreditohoje.site/direto/assets/indexb70a.html]
[seucreditohoje.site/direto/assets/index72c9.html]
[seucreditohoje.site/direto/assets/css/index.html]
[seucreditohoje.site/direto/assets/index5851.html]
[seucreditohoje.site/direto/assets/images/index.html]
[seucreditohoje.site/direto/assets/indexad3f.html]
[seucreditohoje.site/direto/assets/css/indexc052.html]
[seucreditohoje.site/direto/assets/css/indexf8a0.html]
[seucreditohoje.site/direto/assets/js/index.html]
[seucreditohoje.site/direto/assets/css/indexbfec.html]
[seucreditohoje.site/direto/assets/css/index30b5.html]
[seucreditohoje.site/direto/ups/indexc052.html]
[seucreditohoje.site/direto/assets/images/indexc052.html]
[seucreditohoje.site/direto/assets/images/indexf8a0.html]
[seucreditohoje.site/direto/assets/images/indexbfec.html]
[seucreditohoje.site/direto/ups/indexf8a0.html]
[seucreditohoje.site/direto/assets/images/index30b5.html]
[seucreditohoje.site/direto/assets/js/indexc052.html]
[seucreditohoje.site/direto/assets/js/indexf8a0.html]
[seucreditohoje.site/direto/ups/indexbfec.html]
[seucreditohoje.site/direto/assets/js/indexbfec.html]
[seucreditohoje.site/direto/assets/js/index30b5.html]
[seucreditohoje.site/direto/ups/index30b5.html]
[seucreditohoje.site/direto/ups/indexb70a.html]
[seucreditohoje.site/direto/ups/index72c9.html]
[seucreditohoje.site/direto/ups/index5851.html]
[seucreditohoje.site/direto/ups/indexad3f.html]
[seucreditohoje.site/direto/ups/assets/indexc052.html]
[seucreditohoje.site/direto/ups/assets/app-foto.png]
[seucreditohoje.site/direto/ups/assets/indexf8a0.html]
[seucreditohoje.site/direto/ups/assets/index30b5.html]
[seucreditohoje.site/direto/ups/assets/indexbfec.html]
[seucreditohoje.site/direto/ups/assets/bc-logo.png]
[seucreditohoje.site/direto/ups/assets/logo.png]
[seucreditohoje.site/direto/ups/assets/js/index.html]
[seucreditohoje.site/direto/ups/assets/pix-logo.svg]
[seucreditohoje.site/direto/ups/assets/style.css]
[seucreditohoje.site/direto/ups/assets/video-iof.mp4]
[seucreditohoje.site/direto/ups/assets/video-prestamista.mp4]
[seucreditohoje.site/direto/ups/assets/xlogo.png]
[seucreditohoje.site/direto/ups/assets/index.html]
[cdn.utmify.com.br/scripts/utms/latest.js]
[unpkg.com/@lottiefiles/lottie-player@2.0.12/dist/lottie-player.js]
[seucreditohoje.site/mnt/data/logo.png]
[seucreditohoje.site/direto/ups/back/transparent]
[seucreditohoje.site/direto/ups/back/index.html]
[seucreditohoje.site/direto/ups/up1/index.html]
[seucreditohoje.site/direto/ups/up2/index.html]
[seucreditohoje.site/direto/ups/up3/index.html]
[seucreditohoje.site/direto/ups/assets/js/links.js]
[seucreditohoje.site/direto/ups/up4/images/nfe.png]
[seucreditohoje.site/direto/ups/up4/index.html]
[seucreditohoje.site/direto/ups/up5/index.html]
[seucreditohoje.site/direto/ups/up6/index.html]
[unpkg.com/@lottiefiles/lottie-player@1.7.0/dist/lottie-player.js]
[seucreditohoje.site/direto/ups/up7/transparent]
[seucreditohoje.site/direto/ups/up7/index.html]
[seucreditohoje.site/direto/ups/up8/transparent]
[seucreditohoje.site/direto/ups/up8/index.html]
[seucreditohoje.site/direto/ups/up9/index.html]
[seucreditohoje.site/direto/ups/up10/index.html]
[seucreditohoje.site/direto/ups/up11/index.html]
[seucreditohoje.site/direto/ups/up12/index.html]
[seucreditohoje.site/direto/ups/up2/index-2.html]
[seucreditohoje.site/direto/ups/up3/index-2.html]
[seucreditohoje.site/direto/ups/up4/index-2.html]
[seucreditohoje.site/direto/ups/up5/index-2.html]
[seucreditohoje.site/direto/ups/up6/index-2.html]
[seucreditohoje.site/direto/ups/up7/index-2.html]
[seucreditohoje.site/direto/ups/up8/index-2.html]
[seucreditohoje.site/direto/ups/up9/index-2.html]
[seucreditohoje.site/direto/ups/up10/index-2.html]
[seucreditohoje.site/direto/ups/up11/index-2.html]
[seucreditohoje.site/direto/ups/vega/index.html]
[seucreditohoje.site/direto/ups/up12/index-2.html]
[seucreditohoje.site/direto/assets/indexb70a.html]
[seucreditohoje.site/direto/assets/index72c9.html]
[seucreditohoje.site/direto/assets/index5851.html]
[seucreditohoje.site/direto/assets/indexad3f.html]
[seucreditohoje.site/direto/assets/css/indexc052.html]
[seucreditohoje.site/direto/assets/css/indexf8a0.html]
[seucreditohoje.site/direto/assets/css/indexbfec.html]
[seucreditohoje.site/direto/assets/css/index30b5.html]
[seucreditohoje.site/direto/assets/css/indexb70a.html]
[seucreditohoje.site/direto/assets/css/index72c9.html]
[seucreditohoje.site/direto/assets/images/indexc052.html]
[seucreditohoje.site/direto/assets/images/indexf8a0.html]
[seucreditohoje.site/direto/assets/css/indexad3f.html]
[seucreditohoje.site/direto/assets/css/index5851.html]
[seucreditohoje.site/direto/assets/images/indexbfec.html]
[seucreditohoje.site/direto/assets/images/index30b5.html]
[seucreditohoje.site/direto/assets/images/indexb70a.html]
[seucreditohoje.site/direto/assets/images/index72c9.html]
[seucreditohoje.site/direto/assets/js/indexc052.html]
[seucreditohoje.site/direto/assets/js/indexf8a0.html]
[seucreditohoje.site/direto/assets/images/index5851.html]
[seucreditohoje.site/direto/assets/js/indexbfec.html]
[seucreditohoje.site/direto/assets/images/indexad3f.html]
[seucreditohoje.site/direto/assets/js/index30b5.html]
[seucreditohoje.site/direto/assets/js/indexb70a.html]
[seucreditohoje.site/direto/assets/js/index72c9.html]
[seucreditohoje.site/direto/ups/indexb70a.html]
[seucreditohoje.site/direto/ups/index72c9.html]
[seucreditohoje.site/direto/ups/index5851.html]
[seucreditohoje.site/direto/ups/indexad3f.html]
[seucreditohoje.site/direto/ups/assets/indexc052.html]
[seucreditohoje.site/direto/ups/assets/indexf8a0.html]
[seucreditohoje.site/direto/assets/js/index5851.html]
[seucreditohoje.site/direto/ups/assets/indexbfec.html]
[seucreditohoje.site/direto/assets/js/indexad3f.html]
[seucreditohoje.site/direto/ups/assets/index30b5.html]
[seucreditohoje.site/direto/ups/assets/indexb70a.html]
[seucreditohoje.site/direto/ups/assets/index72c9.html]
[seucreditohoje.site/direto/ups/assets/js/index.html]
[seucreditohoje.site/direto/ups/assets/index5851.html]
[seucreditohoje.site/direto/ups/assets/pix-logo.svg]
[seucreditohoje.site/direto/ups/assets/indexad3f.html]
[seucreditohoje.site/direto/ups/assets/style.css]
